#205 [2728611.0ms] useChatSession | render | {"renderCount":75,"selectedWorktreeId":"cmm0astdb0002m9lstdt5gk5n"}
#206 [2728621.0ms] WorkspacePage | render | {"renderCount":75,"changed":[],"selectedThreadId":"cmm41ehpi001fm9f462tr3wt3","canSendNow":true,"showStopAction":false,"sendingMessage":false,"waitingAssistant":null,"isWaitingForUserGate":false,"hasSelectedThreadActiveFlag":false}
#207 [2730641.0ms] useChatSession | render | {"renderCount":76,"selectedWorktreeId":"cmm0astdb0002m9lstdt5gk5n"}
#208 [2730643.0ms] WorkspacePage | render | {"renderCount":76,"changed":[],"selectedThreadId":"cmm41ehpi001fm9f462tr3wt3","canSendNow":true,"showStopAction":false,"sendingMessage":false,"waitingAssistant":null,"isWaitingForUserGate":false,"hasSelectedThreadActiveFlag":false}
#209 [2731173.0ms] useChatSession | render | {"renderCount":77,"selectedWorktreeId":null}
#210 [2731174.0ms] useChatSession | queriedThreads ref changed | {"prevLength":1,"newLength":null,"same":false}
#211 [2731175.0ms] WorkspacePage | render | {"renderCount":77,"changed":["repos.selectedWorktreeId","gitChanges.entries","gitChanges.branch"],"selectedThreadId":"cmm41ehpi001fm9f462tr3wt3","canSendNow":true,"showStopAction":false,"sendingMessage":false,"waitingAssistant":null,"isWaitingForUserGate":false,"hasSelectedThreadActiveFlag":false}
#212 [2731181.0ms] useRepositoryManager | auto-select effect | {"reposLength":1,"selectedRepositoryId":"cmm0asqmy0000m9lsq3jmpcnf","selectedWorktreeId":null,"initialApplied":true}
#213 [2731181.0ms] useRepositoryManager | notification effect | {"prevRepoId":"cmm0asqmy0000m9lsq3jmpcnf","prevWorktreeId":"cmm0astdb0002m9lstdt5gk5n","selectedRepositoryId":"cmm0asqmy0000m9lsq3jmpcnf","selectedWorktreeId":null,"willFire":true}
#214 [2731182.0ms] WorkspacePage | onSelectionChange | {"repoId":"cmm0asqmy0000m9lsq3jmpcnf","worktreeId":null,"prevWorktreeId":"cmm0astdb0002m9lstdt5gk5n","worktreeChanged":true}
#215 [2731183.0ms] useWorkspaceSearchParams | updateSearch | {"partial":{"repoId":"cmm0asqmy0000m9lsq3jmpcnf"},"alreadyScheduled":false}
#216 [2731183.0ms] useChatSession | consolidated thread-sync | {"selectedWorktreeId":null,"worktreeChanged":true,"queriedThreadsLength":null,"selectedThreadId":"cmm41ehpi001fm9f462tr3wt3","initialThreadApplied":false}
#217 [2731184.0ms] WorkspacePage | run:state | {"nextActive":false,"reason":"selected-worktree-changed","selectedWorktreeId":null}
#218 [2731184.0ms] WorkspacePage | run:active-changed | {"runScriptActive":false,"selectedWorktreeId":null,"token":null}
#219 [2731185.0ms] useChatSession | render | {"renderCount":78,"selectedWorktreeId":"cmm0astdb0002m9lstdt5gk5n"}
#220 [2731186.0ms] useChatSession | queriedThreads ref changed | {"prevLength":null,"newLength":1,"same":false}
#221 [2731186.0ms] useChatSession | queriedMessages ref changed | {"prevLength":0,"newLength":null}
#222 [2731187.0ms] useChatSession | queriedEvents ref changed | {"prevLength":0,"newLength":null}
#223 [2731190.0ms] WorkspacePage | render | {"renderCount":78,"changed":["repos.selectedWorktreeId","chat.threads","chat.selectedThreadId","chat.messages","chat.events","chat.timelineItems","gitChanges.entries","gitChanges.branch"],"selectedThreadId":null,"canSendNow":false,"showStopAction":false,"sendingMessage":false,"waitingAssistant":null,"isWaitingForUserGate":false,"hasSelectedThreadActiveFlag":false}
#224 [2731215.0ms] useRepositoryManager | auto-select effect | {"reposLength":1,"selectedRepositoryId":"cmm0asqmy0000m9lsq3jmpcnf","selectedWorktreeId":"cmm0astdb0002m9lstdt5gk5n","initialApplied":true}
#225 [2731216.0ms] useRepositoryManager | notification effect | {"prevRepoId":"cmm0asqmy0000m9lsq3jmpcnf","prevWorktreeId":null,"selectedRepositoryId":"cmm0asqmy0000m9lsq3jmpcnf","selectedWorktreeId":"cmm0astdb0002m9lstdt5gk5n","willFire":true}
#226 [2731216.0ms] WorkspacePage | onSelectionChange | {"repoId":"cmm0asqmy0000m9lsq3jmpcnf","worktreeId":"cmm0astdb0002m9lstdt5gk5n","worktreeChanged":true}
#227 [2731217.0ms] useWorkspaceSearchParams | updateSearch | {"partial":{"repoId":"cmm0asqmy0000m9lsq3jmpcnf","worktreeId":"cmm0astdb0002m9lstdt5gk5n"},"alreadyScheduled":true}
#228 [2731218.0ms] useChatSession | consolidated thread-sync | {"selectedWorktreeId":"cmm0astdb0002m9lstdt5gk5n","worktreeChanged":true,"queriedThreadsLength":1,"selectedThreadId":null,"initialThreadApplied":false}
#229 [2731219.0ms] useChatSession | seed messages effect | {"queriedMessagesLength":null,"selectedThreadId":null,"threadChanged":true}
#232 [2731221.0ms] WorkspacePage | onThreadChange | {"threadId":null}
#233 [2731222.0ms] useWorkspaceSearchParams | updateSearch | {"partial":{},"alreadyScheduled":true}
#230 [2731220.0ms] useChatSession | seed events effect | {"queriedEventsLength":null,"selectedThreadId":null,"threadChanged":true}
#231 [2731220.0ms] useChatSession | thread-change notification | {"prevThreadId":"cmm41ehpi001fm9f462tr3wt3","selectedThreadId":null,"willNotify":true}
#234 [2731222.0ms] useChatSession | activity flags | {"selectedThreadId":null,"sendingMessage":false,"waitingAssistant":null,"hasStreamingAssistantMessage":false,"showStopAction":false,"selectedThreadActiveFlag":false}
#235 [2731223.0ms] usePendingGates | thread reset effect | {"selectedThreadId":null}
#236 [2731223.0ms] WorkspacePage | run:state | {"nextActive":false,"reason":"selected-worktree-changed","selectedWorktreeId":"cmm0astdb0002m9lstdt5gk5n"}
#237 [2731224.0ms] WorkspacePage | run:active-changed | {"runScriptActive":false,"selectedWorktreeId":"cmm0astdb0002m9lstdt5gk5n","token":null}
#238 [2731224.0ms] useChatSession | render | {"renderCount":79,"selectedWorktreeId":"cmm0astdb0002m9lstdt5gk5n"}
#239 [2731225.0ms] useChatSession | queriedMessages ref changed | {"prevLength":null,"newLength":0}
#240 [2731226.0ms] useChatSession | queriedEvents ref changed | {"prevLength":null,"newLength":0}
#241 [2731227.0ms] WorkspacePage | render | {"renderCount":79,"changed":["chat.threads","chat.selectedThreadId","chat.messages","chat.events","chat.timelineItems","gates.resolvingPermissionIds","gates.answeringQuestionIds"],"selectedThreadId":"cmm41ehpi001fm9f462tr3wt3","canSendNow":true,"showStopAction":false,"sendingMessage":false,"waitingAssistant":null,"isWaitingForUserGate":false,"hasSelectedThreadActiveFlag":false}
#242 [2731230.0ms] useChatSession | seed messages effect | {"queriedMessagesLength":0,"selectedThreadId":"cmm41ehpi001fm9f462tr3wt3","threadChanged":true}
#243 [2731231.0ms] useChatSession | seed events effect | {"queriedEventsLength":0,"selectedThreadId":"cmm41ehpi001fm9f462tr3wt3","threadChanged":true}
#246 [2731233.0ms] useWorkspaceSearchParams | updateSearch | {"partial":{"threadId":"cmm41ehpi001fm9f462tr3wt3"},"alreadyScheduled":true}
#247 [2731234.0ms] useChatSession | activity flags | {"selectedThreadId":"cmm41ehpi001fm9f462tr3wt3","sendingMessage":false,"waitingAssistant":null,"hasStreamingAssistantMessage":false,"showStopAction":false,"selectedThreadActiveFlag":false}
#244 [2731232.0ms] useChatSession | thread-change notification | {"prevThreadId":null,"selectedThreadId":"cmm41ehpi001fm9f462tr3wt3","willNotify":true}
#245 [2731232.0ms] WorkspacePage | onThreadChange | {"threadId":"cmm41ehpi001fm9f462tr3wt3"}
#248 [2731234.0ms] usePendingGates | thread reset effect | {"selectedThreadId":"cmm41ehpi001fm9f462tr3wt3"}
#249 [2731235.0ms] useChatSession | render | {"renderCount":80,"selectedWorktreeId":"cmm0astdb0002m9lstdt5gk5n"}
#250 [2731236.0ms] WorkspacePage | render | {"renderCount":80,"changed":["chat.messages","chat.events","chat.timelineItems","gates.resolvingPermissionIds","gates.answeringQuestionIds"],"selectedThreadId":"cmm41ehpi001fm9f462tr3wt3","canSendNow":true,"showStopAction":false,"sendingMessage":false,"waitingAssistant":null,"isWaitingForUserGate":false,"hasSelectedThreadActiveFlag":false}
#251 [2731238.0ms] useChatSession | render | {"renderCount":81,"selectedWorktreeId":"cmm0astdb0002m9lstdt5gk5n"}
#252 [2731238.0ms] WorkspacePage | render | {"renderCount":81,"changed":[],"selectedThreadId":"cmm41ehpi001fm9f462tr3wt3","canSendNow":true,"showStopAction":false,"sendingMessage":false,"waitingAssistant":null,"isWaitingForUserGate":false,"hasSelectedThreadActiveFlag":false}
#253 [2731261.0ms] useChatSession | render | {"renderCount":82,"selectedWorktreeId":"cmm0astdb0002m9lstdt5gk5n"}
#254 [2731261.0ms] useChatSession | queriedThreads ref changed | {"prevLength":1,"newLength":0,"same":false}
#255 [2731262.0ms] WorkspacePage | render | {"renderCount":82,"changed":["repos.repositories"],"selectedThreadId":"cmm41ehpi001fm9f462tr3wt3","canSendNow":true,"showStopAction":false,"sendingMessage":false,"waitingAssistant":null,"isWaitingForUserGate":false,"hasSelectedThreadActiveFlag":false}
#256 [2731264.0ms] useRepositoryManager | auto-select effect | {"reposLength":1,"selectedRepositoryId":"cmm0asqmy0000m9lsq3jmpcnf","selectedWorktreeId":"cmm0astdb0002m9lstdt5gk5n","initialApplied":true}
#257 [2731265.0ms] useChatSession | consolidated thread-sync | {"selectedWorktreeId":"cmm0astdb0002m9lstdt5gk5n","worktreeChanged":false,"queriedThreadsLength":0,"selectedThreadId":"cmm41ehpi001fm9f462tr3wt3","initialThreadApplied":true}
#258 [2731266.0ms] useChatSession | render | {"renderCount":83,"selectedWorktreeId":"cmm0astdb0002m9lstdt5gk5n"}
#259 [2731267.0ms] WorkspacePage | render | {"renderCount":83,"changed":["chat.threads"],"selectedThreadId":"cmm41ehpi001fm9f462tr3wt3","canSendNow":true,"showStopAction":false,"sendingMessage":false,"waitingAssistant":null,"isWaitingForUserGate":false,"hasSelectedThreadActiveFlag":false}
#260 [2731272.0ms] useChatSession | render | {"renderCount":84,"selectedWorktreeId":"cmm0astdb0002m9lstdt5gk5n"}
#261 [2731273.0ms] WorkspacePage | render | {"renderCount":84,"changed":["error"],"selectedThreadId":"cmm41ehpi001fm9f462tr3wt3","canSendNow":true,"showStopAction":false,"sendingMessage":false,"waitingAssistant":null,"isWaitingForUserGate":false,"hasSelectedThreadActiveFlag":false}
#262 [2746278.0ms] useChatSession | render | {"renderCount":85,"selectedWorktreeId":"cmm0astdb0002m9lstdt5gk5n"}
#263 [2746279.0ms] WorkspacePage | render | {"renderCount":85,"changed":["error"],"selectedThreadId":"cmm41ehpi001fm9f462tr3wt3","canSendNow":true,"showStopAction":false,"sendingMessage":false,"waitingAssistant":null,"isWaitingForUserGate":false,"hasSelectedThreadActiveFlag":false}
#1 [979.0ms] useChatSession | render | {"renderCount":1,"selectedWorktreeId":null}
#2 [986.0ms] WorkspacePage | render | {"renderCount":1,"changed":["error","search","updateSearch","repos.selectedRepositoryId","repos.selectedWorktreeId","repos.repositories","repos.loadingRepos","repos.submittingRepo","repos.updateWorktreeBranch","chat.threads","chat.selectedThreadId","chat.messages","chat.events","chat.timelineItems","chat.sendingMessage","chat.waitingAssistant","chat.showStopAction","chat.stoppingRun","chat.chatInput","chat.chatMode","gates.pendingPermissionRequests","gates.pendingQuestionRequests","gates.isWaitingForUserGate","gates.showPlanDecisionComposer","gates.planActionBusy","gates.resolvingPermissionIds","gates.answeringQuestionIds","gitChanges.entries","gitChanges.branch","gitChanges.loading","mobilePanelOpen"],"selectedThreadId":null,"canSendNow":false,"showStopAction":false,"sendingMessage":false,"waitingAssistant":null,"isWaitingForUserGate":false,"hasSelectedThreadActiveFlag":false}
#5 [1043.0ms] useChatSession | consolidated thread-sync | {"selectedWorktreeId":null,"worktreeChanged":false,"queriedThreadsLength":null,"selectedThreadId":null,"initialThreadApplied":false}
#7 [1044.0ms] useChatSession | seed events effect | {"queriedEventsLength":null,"selectedThreadId":null,"threadChanged":false}
#6 [1044.0ms] useChatSession | seed messages effect | {"queriedMessagesLength":null,"selectedThreadId":null,"threadChanged":false}
#8 [1045.0ms] useChatSession | thread-change notification | {"prevThreadId":null,"selectedThreadId":null,"willNotify":false}
#9 [1045.0ms] useChatSession | activity flags | {"selectedThreadId":null,"sendingMessage":false,"waitingAssistant":null,"hasStreamingAssistantMessage":false,"showStopAction":false,"selectedThreadActiveFlag":false}
#3 [1042.0ms] useRepositoryManager | auto-select effect | {"reposLength":0,"selectedRepositoryId":null,"selectedWorktreeId":null,"initialApplied":false}
#10 [1046.0ms] usePendingGates | thread reset effect | {"selectedThreadId":null}
#11 [1046.0ms] WorkspacePage | run:state | {"nextActive":false,"reason":"selected-worktree-changed","selectedWorktreeId":null}
#4 [1042.0ms] useRepositoryManager | notification effect | {"prevRepoId":null,"prevWorktreeId":null,"selectedRepositoryId":null,"selectedWorktreeId":null,"willFire":false}
#13 [1048.0ms] useChatSession | render | {"renderCount":2,"selectedWorktreeId":null}
#14 [1048.0ms] WorkspacePage | render | {"renderCount":2,"changed":["repos.repositories","chat.threads","chat.messages","chat.events","chat.timelineItems","gates.resolvingPermissionIds","gates.answeringQuestionIds","gitChanges.entries"],"selectedThreadId":null,"canSendNow":false,"showStopAction":false,"sendingMessage":false,"waitingAssistant":null,"isWaitingForUserGate":false,"hasSelectedThreadActiveFlag":false}
#12 [1047.0ms] WorkspacePage | run:active-changed | {"runScriptActive":false,"selectedWorktreeId":null,"token":null}
#15 [1052.0ms] useRepositoryManager | auto-select effect | {"reposLength":0,"selectedRepositoryId":null,"selectedWorktreeId":null,"initialApplied":false}
#16 [1116.0ms] useChatSession | render | {"renderCount":3,"selectedWorktreeId":null}
#17 [1116.0ms] WorkspacePage | render | {"renderCount":3,"changed":["repos.repositories","gitChanges.entries"],"selectedThreadId":null,"canSendNow":false,"showStopAction":false,"sendingMessage":false,"waitingAssistant":null,"isWaitingForUserGate":false,"hasSelectedThreadActiveFlag":false}
#18 [1149.0ms] useRepositoryManager | auto-select effect | {"reposLength":0,"selectedRepositoryId":null,"selectedWorktreeId":null,"initialApplied":false}
#19 [1162.0ms] useChatSession | render | {"renderCount":4,"selectedWorktreeId":null}
#20 [1163.0ms] WorkspacePage | render | {"renderCount":4,"changed":["repos.repositories","repos.loadingRepos","gitChanges.entries"],"selectedThreadId":null,"canSendNow":false,"showStopAction":false,"sendingMessage":false,"waitingAssistant":null,"isWaitingForUserGate":false,"hasSelectedThreadActiveFlag":false}
#21 [1166.0ms] useRepositoryManager | auto-select effect | {"reposLength":1,"selectedRepositoryId":null,"selectedWorktreeId":null,"initialApplied":false}
#22 [1167.0ms] useChatSession | render | {"renderCount":5,"selectedWorktreeId":null}
#23 [1168.0ms] WorkspacePage | render | {"renderCount":5,"changed":["repos.selectedRepositoryId","gitChanges.entries"],"selectedThreadId":null,"canSendNow":false,"showStopAction":false,"sendingMessage":false,"waitingAssistant":null,"isWaitingForUserGate":false,"hasSelectedThreadActiveFlag":false}
#24 [1170.0ms] useRepositoryManager | auto-select effect | {"reposLength":1,"selectedRepositoryId":"cmm0asqmy0000m9lsq3jmpcnf","selectedWorktreeId":null,"initialApplied":true}
#25 [1170.0ms] useRepositoryManager | notification effect | {"prevRepoId":null,"prevWorktreeId":null,"selectedRepositoryId":"cmm0asqmy0000m9lsq3jmpcnf","selectedWorktreeId":null,"willFire":true}
#26 [1171.0ms] WorkspacePage | onSelectionChange | {"repoId":"cmm0asqmy0000m9lsq3jmpcnf","worktreeId":null,"worktreeChanged":false}
#27 [1171.0ms] useWorkspaceSearchParams | updateSearch | {"partial":{"repoId":"cmm0asqmy0000m9lsq3jmpcnf"},"alreadyScheduled":false}
#28 [1175.0ms] useChatSession | render | {"renderCount":6,"selectedWorktreeId":null}
#29 [1176.0ms] WorkspacePage | render | {"renderCount":6,"changed":["search","gitChanges.entries"],"selectedThreadId":null,"canSendNow":false,"showStopAction":false,"sendingMessage":false,"waitingAssistant":null,"isWaitingForUserGate":false,"hasSelectedThreadActiveFlag":false}
