#1 [1555.0ms] runtime.chats | chat.backend.timelineSnapshot.response | {"threadId":"cmnonq8900007m9bpy7kn6lpi","timelineItemsCount":0,"newestSeq":null,"newestIdx":null,"messagesCount":0,"eventsCount":0}
#2 [1572.0ms] runtime.chats | chat.backend.sse.started | {"requestId":"sse-cmnonq8900007m9bpy7kn6lpi-1775568647109","threadId":"cmnonq8900007m9bpy7kn6lpi","afterIdxQuery":null,"lastEventIdHeader":null,"startCursor":null}
#3 [1574.0ms] runtime.chats | chat.backend.sse.historyFlushed | {"requestId":"sse-cmnonq8900007m9bpy7kn6lpi-1775568647109","threadId":"cmnonq8900007m9bpy7kn6lpi","startCursor":null,"historyCount":0,"oldestHistoryIdx":null,"newestHistoryIdx":null,"bufferedCountBeforeFlush":0}
#4 [1575.0ms] runtime.chats | chat.backend.sse.bufferFlushed | {"requestId":"sse-cmnonq8900007m9bpy7kn6lpi-1775568647109","threadId":"cmnonq8900007m9bpy7kn6lpi","bufferedCountBeforeFlush":0,"bufferedDeliveredCount":0}
#5 [20620.0ms] runtime.chats | chat.backend.sse.closed | {"requestId":"sse-cmnonq8900007m9bpy7kn6lpi-1775568647109","threadId":"cmnonq8900007m9bpy7kn6lpi","bufferedCountAtClose":0}
#6 [20651.0ms] runtime.chats | chat.backend.sse.started | {"requestId":"sse-cmnonq8900007m9bpy7kn6lpi-1775568666187","threadId":"cmnonq8900007m9bpy7kn6lpi","afterIdxQuery":null,"lastEventIdHeader":null,"startCursor":null}
#7 [20653.0ms] runtime.chats | chat.backend.sse.historyFlushed | {"requestId":"sse-cmnonq8900007m9bpy7kn6lpi-1775568666187","threadId":"cmnonq8900007m9bpy7kn6lpi","startCursor":null,"historyCount":0,"oldestHistoryIdx":null,"newestHistoryIdx":null,"bufferedCountBeforeFlush":0}
#8 [20653.0ms] runtime.chats | chat.backend.sse.bufferFlushed | {"requestId":"sse-cmnonq8900007m9bpy7kn6lpi-1775568666187","threadId":"cmnonq8900007m9bpy7kn6lpi","bufferedCountBeforeFlush":0,"bufferedDeliveredCount":0}
#9 [20662.0ms] runtime.chats | chat.backend.sse.closed | {"requestId":"sse-cmnonq8900007m9bpy7kn6lpi-1775568666187","threadId":"cmnonq8900007m9bpy7kn6lpi","bufferedCountAtClose":0}
#10 [20681.0ms] runtime.chats | chat.backend.timelineSnapshot.response | {"threadId":"cmnonq88z0005m9bp3xpmomdw","timelineItemsCount":0,"newestSeq":null,"newestIdx":null,"messagesCount":0,"eventsCount":0}
#11 [20696.0ms] runtime.chats | chat.backend.sse.started | {"requestId":"sse-cmnonq88z0005m9bp3xpmomdw-1775568666232","threadId":"cmnonq88z0005m9bp3xpmomdw","afterIdxQuery":null,"lastEventIdHeader":null,"startCursor":null}
#12 [20697.0ms] runtime.chats | chat.backend.sse.historyFlushed | {"requestId":"sse-cmnonq88z0005m9bp3xpmomdw-1775568666232","threadId":"cmnonq88z0005m9bp3xpmomdw","startCursor":null,"historyCount":0,"oldestHistoryIdx":null,"newestHistoryIdx":null,"bufferedCountBeforeFlush":0}
#13 [20697.0ms] runtime.chats | chat.backend.sse.bufferFlushed | {"requestId":"sse-cmnonq88z0005m9bp3xpmomdw-1775568666232","threadId":"cmnonq88z0005m9bp3xpmomdw","bufferedCountBeforeFlush":0,"bufferedDeliveredCount":0}
#14 [21866.0ms] runtime.chats | chat.backend.sse.closed | {"requestId":"sse-cmnonq88z0005m9bp3xpmomdw-1775568666232","threadId":"cmnonq88z0005m9bp3xpmomdw","bufferedCountAtClose":0}
#15 [21889.0ms] runtime.chats | chat.backend.sse.started | {"requestId":"sse-cmnonq88z0005m9bp3xpmomdw-1775568667425","threadId":"cmnonq88z0005m9bp3xpmomdw","afterIdxQuery":null,"lastEventIdHeader":null,"startCursor":null}
#16 [21890.0ms] runtime.chats | chat.backend.sse.historyFlushed | {"requestId":"sse-cmnonq88z0005m9bp3xpmomdw-1775568667425","threadId":"cmnonq88z0005m9bp3xpmomdw","startCursor":null,"historyCount":0,"oldestHistoryIdx":null,"newestHistoryIdx":null,"bufferedCountBeforeFlush":0}
#17 [21890.0ms] runtime.chats | chat.backend.sse.bufferFlushed | {"requestId":"sse-cmnonq88z0005m9bp3xpmomdw-1775568667425","threadId":"cmnonq88z0005m9bp3xpmomdw","bufferedCountBeforeFlush":0,"bufferedDeliveredCount":0}
#18 [21897.0ms] runtime.chats | chat.backend.sse.closed | {"requestId":"sse-cmnonq88z0005m9bp3xpmomdw-1775568667425","threadId":"cmnonq88z0005m9bp3xpmomdw","bufferedCountAtClose":0}
#19 [21926.0ms] runtime.chats | chat.backend.sse.started | {"requestId":"sse-cmnonq8900007m9bpy7kn6lpi-1775568667462","threadId":"cmnonq8900007m9bpy7kn6lpi","afterIdxQuery":null,"lastEventIdHeader":null,"startCursor":null}
#20 [21927.0ms] runtime.chats | chat.backend.sse.historyFlushed | {"requestId":"sse-cmnonq8900007m9bpy7kn6lpi-1775568667462","threadId":"cmnonq8900007m9bpy7kn6lpi","startCursor":null,"historyCount":0,"oldestHistoryIdx":null,"newestHistoryIdx":null,"bufferedCountBeforeFlush":0}
#21 [21927.0ms] runtime.chats | chat.backend.sse.bufferFlushed | {"requestId":"sse-cmnonq8900007m9bpy7kn6lpi-1775568667462","threadId":"cmnonq8900007m9bpy7kn6lpi","bufferedCountBeforeFlush":0,"bufferedDeliveredCount":0}
#22 [23632.0ms] runtime.chats | chat.backend.sse.closed | {"requestId":"sse-cmnonq8900007m9bpy7kn6lpi-1775568667462","threadId":"cmnonq8900007m9bpy7kn6lpi","bufferedCountAtClose":0}
#23 [23655.0ms] runtime.chats | chat.backend.sse.started | {"requestId":"sse-cmnonq8900007m9bpy7kn6lpi-1775568669191","threadId":"cmnonq8900007m9bpy7kn6lpi","afterIdxQuery":null,"lastEventIdHeader":null,"startCursor":null}
#24 [23655.0ms] runtime.chats | chat.backend.sse.historyFlushed | {"requestId":"sse-cmnonq8900007m9bpy7kn6lpi-1775568669191","threadId":"cmnonq8900007m9bpy7kn6lpi","startCursor":null,"historyCount":0,"oldestHistoryIdx":null,"newestHistoryIdx":null,"bufferedCountBeforeFlush":0}
#25 [23655.0ms] runtime.chats | chat.backend.sse.bufferFlushed | {"requestId":"sse-cmnonq8900007m9bpy7kn6lpi-1775568669191","threadId":"cmnonq8900007m9bpy7kn6lpi","bufferedCountBeforeFlush":0,"bufferedDeliveredCount":0}
#26 [23662.0ms] runtime.chats | chat.backend.sse.closed | {"requestId":"sse-cmnonq8900007m9bpy7kn6lpi-1775568669191","threadId":"cmnonq8900007m9bpy7kn6lpi","bufferedCountAtClose":0}
#27 [23689.0ms] runtime.chats | chat.backend.sse.started | {"requestId":"sse-cmnonq88z0005m9bp3xpmomdw-1775568669225","threadId":"cmnonq88z0005m9bp3xpmomdw","afterIdxQuery":null,"lastEventIdHeader":null,"startCursor":null}
#28 [23690.0ms] runtime.chats | chat.backend.sse.historyFlushed | {"requestId":"sse-cmnonq88z0005m9bp3xpmomdw-1775568669225","threadId":"cmnonq88z0005m9bp3xpmomdw","startCursor":null,"historyCount":0,"oldestHistoryIdx":null,"newestHistoryIdx":null,"bufferedCountBeforeFlush":0}
#29 [23690.0ms] runtime.chats | chat.backend.sse.bufferFlushed | {"requestId":"sse-cmnonq88z0005m9bp3xpmomdw-1775568669225","threadId":"cmnonq88z0005m9bp3xpmomdw","bufferedCountBeforeFlush":0,"bufferedDeliveredCount":0}
